[debug] [2021-01-24T22:55:26.140Z] ----------------------------------------------------------------------
[debug] [2021-01-24T22:55:26.142Z] Command:       C:\Program Files\nodejs\node.exe C:\Users\khensyrd\AppData\Roaming\npm\node_modules\firebase-tools\lib\bin\firebase.js deploy
[debug] [2021-01-24T22:55:26.142Z] CLI Version:   8.7.0
[debug] [2021-01-24T22:55:26.142Z] Platform:      win32
[debug] [2021-01-24T22:55:26.142Z] Node Version:  v10.13.0
[debug] [2021-01-24T22:55:26.143Z] Time:          Sun Jan 24 2021 18:55:26 GMT-0400 (Atlantic Standard Time)
[debug] [2021-01-24T22:55:26.143Z] ----------------------------------------------------------------------
[debug] [2021-01-24T22:55:26.143Z] 
[debug] [2021-01-24T22:55:26.151Z] > command requires scopes: ["email","openid","https://www.googleapis.com/auth/cloudplatformprojects.readonly","https://www.googleapis.com/auth/firebase","https://www.googleapis.com/auth/cloud-platform"]
[debug] [2021-01-24T22:55:26.152Z] > authorizing via signed-in user
[debug] [2021-01-24T22:55:26.152Z] [iam] checking project yenca-a5ca9 for permissions ["firebase.projects.get","firebasehosting.sites.update"]
[debug] [2021-01-24T22:55:26.155Z] >>> HTTP REQUEST POST https://cloudresourcemanager.googleapis.com/v1/projects/yenca-a5ca9:testIamPermissions  
 {"permissions":["firebase.projects.get","firebasehosting.sites.update"]}
[debug] [2021-01-24T22:55:26.492Z] <<< HTTP RESPONSE 200 {"content-type":"application/json; charset=UTF-8","vary":"X-Origin, Referer, Origin,Accept-Encoding","date":"Sun, 24 Jan 2021 22:55:26 GMT","server":"ESF","cache-control":"private","x-xss-protection":"0","x-frame-options":"SAMEORIGIN","x-content-type-options":"nosniff","server-timing":"gfet4t7; dur=96","alt-svc":"h3-29=\":443\"; ma=2592000,h3-T051=\":443\"; ma=2592000,h3-Q050=\":443\"; ma=2592000,h3-Q046=\":443\"; ma=2592000,h3-Q043=\":443\"; ma=2592000,quic=\":443\"; ma=2592000; v=\"46,43\"","accept-ranges":"none","transfer-encoding":"chunked"}
[debug] [2021-01-24T22:55:26.493Z] >>> HTTP REQUEST GET https://firebase.googleapis.com/v1beta1/projects/yenca-a5ca9  
 
[debug] [2021-01-24T22:55:26.803Z] <<< HTTP RESPONSE 200 {"content-type":"application/json; charset=UTF-8","vary":"X-Origin, Referer, Origin,Accept-Encoding","date":"Sun, 24 Jan 2021 22:55:27 GMT","server":"ESF","cache-control":"private","x-xss-protection":"0","x-frame-options":"SAMEORIGIN","x-content-type-options":"nosniff","alt-svc":"h3-29=\":443\"; ma=2592000,h3-T051=\":443\"; ma=2592000,h3-Q050=\":443\"; ma=2592000,h3-Q046=\":443\"; ma=2592000,h3-Q043=\":443\"; ma=2592000,quic=\":443\"; ma=2592000; v=\"46,43\"","accept-ranges":"none","transfer-encoding":"chunked"}
[info] 
[info] === Deploying to 'yenca-a5ca9'...
[info] 
[info] i  deploying hosting 
[debug] [2021-01-24T22:55:26.815Z] >>> HTTP REQUEST POST https://firebasehosting.googleapis.com/v1beta1/sites/yenca-a5ca9/versions  
 {"config":{"rewrites":[{"glob":"**","path":"/index.html"}]},"labels":{"deployment-tool":"cli-firebase"}}
[debug] [2021-01-24T22:55:27.627Z] <<< HTTP RESPONSE 200 {"content-type":"application/json; charset=UTF-8","vary":"X-Origin, Referer, Origin,Accept-Encoding","date":"Sun, 24 Jan 2021 22:55:28 GMT","server":"ESF","cache-control":"private","x-xss-protection":"0","x-frame-options":"SAMEORIGIN","x-content-type-options":"nosniff","alt-svc":"h3-29=\":443\"; ma=2592000,h3-T051=\":443\"; ma=2592000,h3-Q050=\":443\"; ma=2592000,h3-Q046=\":443\"; ma=2592000,h3-Q043=\":443\"; ma=2592000,quic=\":443\"; ma=2592000; v=\"46,43\"","accept-ranges":"none","transfer-encoding":"chunked"}
[info] i  hosting[yenca-a5ca9]: beginning deploy... 
[info] i  hosting[yenca-a5ca9]: found 513 files in / 
[debug] [2021-01-24T22:55:27.843Z] [hosting] hash cache [] stored for 513 files
[debug] [2021-01-24T22:55:27.843Z] [hosting][hash queue][FINAL] {"max":74,"min":0,"avg":3.6260130453104016,"active":0,"complete":513,"success":513,"errored":0,"retried":0,"total":513,"elapsed":93}
[debug] [2021-01-24T22:55:27.844Z] >>> HTTP REQUEST POST https://firebasehosting.googleapis.com/v1beta1/sites/yenca-a5ca9/versions/24beb51ac0623fc8:populateFiles  
 <request body omitted>
[debug] [2021-01-24T22:55:29.023Z] <<< HTTP RESPONSE 200 {"content-type":"application/json; charset=UTF-8","vary":"X-Origin, Referer, Origin,Accept-Encoding","date":"Sun, 24 Jan 2021 22:55:29 GMT","server":"ESF","cache-control":"private","x-xss-protection":"0","x-frame-options":"SAMEORIGIN","x-content-type-options":"nosniff","alt-svc":"h3-29=\":443\"; ma=2592000,h3-T051=\":443\"; ma=2592000,h3-Q050=\":443\"; ma=2592000,h3-Q046=\":443\"; ma=2592000,h3-Q043=\":443\"; ma=2592000,quic=\":443\"; ma=2592000; v=\"46,43\"","accept-ranges":"none","transfer-encoding":"chunked"}
[debug] [2021-01-24T22:55:29.037Z] [hosting][populate queue][FINAL] {"max":1183,"min":1183,"avg":1183,"active":0,"complete":1,"success":1,"errored":0,"retried":0,"total":1,"elapsed":1195}
[debug] [2021-01-24T22:55:29.037Z] [hosting] uploads queued: 42
